<?xml version="1.0" encoding="UTF-8"?>
<!-- Generated by org.testng.reporters.JUnitReportReporter -->
<testsuite name="com.jcp.seleniuma.SampleTest" tests="1" time="0.014" ignored="0" failures="0" timestamp="20 Mar 2019 03:32:58 GMT" skipped="0" hostname="JCPSI1439" errors="0">
  <testcase name="methodhello" time="0.014" classname="com.jcp.seleniuma.SampleTest"/>
</testsuite> <!-- com.jcp.seleniuma.SampleTest -->
